<?xml version="1.0" encoding="UTF-8"?>
<!-- Generated by org.testng.reporters.JUnitXMLReporter -->
<testsuite hostname="Subhojit" ignored="0" name="LoginFeatures" tests="3" failures="0" timestamp="25 Apr 2020 18:46:38 GMT" time="132.222" errors="0">
  <testcase name="testForPositiveResponse" time="3.493" classname="com.test.TestHomePage"/>
  <testcase name="testForNegativeResponse" time="0.929" classname="com.test.TestHomePage"/>
  <testcase name="testForIncorrectPass" time="1.069" classname="com.test.TestHomePage"/>
</testsuite> <!-- LoginFeatures -->
